530.377505
344.221939
265.360249
181.779313
130.142495
104.829006
101.573121
89.305864
88.641223
78.424166
78.171241
71.448531
70.237674
65.614883
60.098198
56.752311
50.669048
48.720183
44.735531
44.247849
41.145898
39.837292
36.902583
36.158588
34.513736
35.263512
33.090532
31.838647
30.372029
29.146303
27.467266
27.953032
25.774025
23.847233
24.108303
22.828550
22.048606
21.567196
21.221049
20.471391
19.940041
18.827245
18.493746
18.382177
17.419542
17.265369
16.758463
16.301900
15.811820
15.502718
14.969857
14.677042
14.354873
14.261680
13.742101
13.495701
13.406785
12.900600
12.814827
12.502062
11.819723
11.762129
11.747393
11.350951
11.522147
10.896419
10.764409
10.543561
10.382626
10.141973
9.990876
9.885700
9.707716
9.622661
9.461041
9.445906
9.307405
9.187451
8.968472
8.821894
8.666211
8.690102
8.542755
8.528413
8.333707
8.213681
8.101660
8.118296
7.876316
7.639286
7.660770
7.574988
7.523098
7.431812
7.273060
7.163304
7.225728
6.994910
6.957281
6.886444
6.883785
6.696051
6.692111
6.497161
6.507302
6.280754
6.226591
6.150162
6.032711
6.105088
5.913419
5.787978
5.824783
5.755284
5.623523
5.649276
5.596518
5.507302
5.377253
5.326572
5.351331
5.201691
5.116111
5.078292
5.061563
4.990691
4.945880
4.881722
4.844848
4.774721
4.700193
4.676716
4.646081
4.558535
4.517401
4.473405
4.366188
4.311653
4.283857
4.217668
4.107950
4.030819
4.020804
3.992228
3.930658
3.849792
3.805776
3.758407
3.691184
3.738672
3.588112
3.597558
3.548077
3.493876
3.455788
3.456081
3.350711
3.302995
3.261986
3.295435
3.203197
3.131996
3.098650
3.045372
3.042925
3.007710
2.946357
2.921529
2.873936
2.832915
2.795969
2.772792
2.784002
2.765187
2.709830
2.681128
2.635071
2.598281
2.516673
2.525374
2.505640
2.499362
2.423705
2.401992
2.400135
2.364541
2.327738
2.306958
2.289511
2.267695
2.213698
2.182431
2.114373
2.120764
2.082782
2.053293
2.036152
2.008411
1.972984
2.002033
1.955429
1.976660
1.926428
1.903097
1.884434
1.854656
1.854882
1.832935
1.805999
1.787860
1.766567
1.756157
1.710803
1.695191
1.672732
1.637770
1.632260
1.590682
1.542231
1.541055
1.497629
1.510176
1.474484
1.453941
1.443848
1.423296
1.418037
1.407965
1.379086
1.362402
1.334873
1.329504
1.316444
1.274868
1.249472
1.248098
1.232709
1.213751
1.188797
1.171188
1.153439
1.149565
1.129186
1.108272
1.071421
1.068219
1.056726
1.035677
1.002421
1.020319
0.961998
0.951135
0.940705
0.907544
0.890448
0.905029
0.861550
0.852436
0.830318
0.810278
0.796939
0.794573
0.751271
0.747520
0.739906
0.730090
0.707039
0.696256
0.675077
0.664287
0.642700
0.621692
0.615049
0.585895
0.549568
0.534663
0.529105
0.497719
0.494608
0.479249
0.470198
0.454458
0.441105
0.422175
0.414488
0.385692
0.370426
0.367270
0.353518
0.344074
0.327640
0.311352
0.296061
0.286118
0.277416
0.252938
0.240855
0.229544
0.217889
0.206176
0.204520
0.180633
0.173201
0.156155
0.142967
0.119743
0.110300
0.087454
0.083230
0.066701
-0.003079
-0.001990
-0.001815
-0.001744
-0.001547
-0.001542
-0.001255
-0.001185
-0.001167
